TN:
SF:src/config/database.ts
FNF:0
FNH:0
DA:1,13
DA:3,13
DA:5,13
LF:3
LH:3
BRF:0
BRH:0
end_of_record
TN:
SF:src/config/redis.ts
FN:8,(anonymous_1)
FN:13,(anonymous_2)
FN:23,(anonymous_3)
FN:27,(anonymous_4)
FN:31,(anonymous_5)
FN:44,(anonymous_6)
FN:48,(anonymous_7)
FNF:7
FNH:0
FNDA:0,(anonymous_1)
FNDA:0,(anonymous_2)
FNDA:0,(anonymous_3)
FNDA:0,(anonymous_4)
FNDA:0,(anonymous_5)
FNDA:0,(anonymous_6)
FNDA:0,(anonymous_7)
DA:1,8
DA:2,8
DA:4,8
DA:6,8
DA:8,8
DA:9,0
DA:10,0
DA:14,0
DA:15,0
DA:16,0
DA:18,0
DA:23,0
DA:24,0
DA:27,0
DA:28,0
DA:31,0
DA:32,0
DA:35,0
DA:36,0
DA:38,0
DA:39,0
DA:40,0
DA:44,8
DA:45,0
DA:48,8
DA:49,0
DA:50,0
DA:51,0
LF:28
LH:7
BRDA:4,0,0,8
BRDA:4,0,1,8
BRDA:14,1,0,0
BRDA:49,2,0,0
BRDA:49,3,0,0
BRDA:49,3,1,0
BRF:6
BRH:2
end_of_record
TN:
SF:src/controllers/bookClubBooksController.ts
FN:9,(anonymous_0)
FN:31,(anonymous_1)
FN:54,(anonymous_2)
FN:79,(anonymous_3)
FN:93,(anonymous_4)
FNF:5
FNH:5
FNDA:3,(anonymous_0)
FNDA:3,(anonymous_1)
FNDA:2,(anonymous_2)
FNDA:2,(anonymous_3)
FNDA:2,(anonymous_4)
DA:3,1
DA:4,1
DA:9,1
DA:10,3
DA:11,3
DA:12,3
DA:13,3
DA:14,3
DA:16,3
DA:22,2
DA:24,1
DA:31,1
DA:32,3
DA:33,3
DA:34,3
DA:36,3
DA:45,2
DA:47,1
DA:54,1
DA:55,2
DA:56,2
DA:57,2
DA:58,2
DA:60,2
DA:70,1
DA:72,1
DA:79,1
DA:80,2
DA:81,2
DA:82,2
DA:83,2
DA:84,1
DA:86,1
DA:93,1
DA:94,2
DA:95,2
DA:96,2
DA:97,1
DA:99,1
LF:39
LH:39
BRDA:13,0,0,3
BRDA:13,0,1,2
BRDA:14,1,0,3
BRDA:14,1,1,2
BRDA:34,2,0,2
BRDA:41,3,0,1
BRDA:41,3,1,2
BRDA:42,4,0,1
BRDA:42,4,1,2
BRDA:65,5,0,0
BRDA:65,5,1,2
BRDA:66,6,0,0
BRDA:66,6,1,2
BRF:13
BRH:11
end_of_record
TN:
SF:src/controllers/bookSearchController.ts
FN:7,(anonymous_0)
FN:21,(anonymous_1)
FNF:2
FNH:2
FNDA:3,(anonymous_0)
FNDA:2,(anonymous_1)
DA:2,1
DA:7,1
DA:8,3
DA:9,3
DA:10,3
DA:11,3
DA:12,2
DA:14,1
DA:21,1
DA:22,2
DA:23,2
DA:24,2
DA:25,1
DA:27,1
LF:14
LH:14
BRDA:10,0,0,3
BRDA:10,0,1,2
BRF:2
BRH:2
end_of_record
TN:
SF:src/controllers/bookSuggestionsController.ts
FN:8,(anonymous_0)
FN:30,(anonymous_1)
FN:60,(anonymous_2)
FN:80,(anonymous_3)
FN:103,(anonymous_4)
FNF:5
FNH:5
FNDA:3,(anonymous_0)
FNDA:3,(anonymous_1)
FNDA:2,(anonymous_2)
FNDA:2,(anonymous_3)
FNDA:2,(anonymous_4)
DA:3,1
DA:8,1
DA:9,3
DA:10,3
DA:11,3
DA:12,3
DA:14,3
DA:21,2
DA:23,1
DA:30,1
DA:31,3
DA:32,3
DA:33,3
DA:35,3
DA:42,2
DA:53,1
DA:60,1
DA:61,2
DA:62,2
DA:63,2
DA:65,2
DA:71,1
DA:73,1
DA:80,1
DA:81,2
DA:82,2
DA:83,2
DA:84,2
DA:86,2
DA:94,1
DA:96,1
DA:103,1
DA:104,2
DA:105,2
DA:107,2
DA:108,1
DA:110,1
LF:37
LH:37
BRDA:11,0,0,3
BRDA:11,0,1,2
BRDA:12,1,0,3
BRDA:12,1,1,2
BRDA:48,2,0,2
BRDA:48,2,1,1
BRF:6
BRH:6
end_of_record
TN:
SF:src/controllers/readingProgressController.ts
FN:8,(anonymous_0)
FN:21,(anonymous_1)
FN:42,(anonymous_2)
FN:63,(anonymous_3)
FN:76,(anonymous_4)
FNF:5
FNH:5
FNDA:2,(anonymous_0)
FNDA:2,(anonymous_1)
FNDA:2,(anonymous_2)
FNDA:2,(anonymous_3)
FNDA:2,(anonymous_4)
DA:3,1
DA:8,1
DA:9,2
DA:10,2
DA:11,2
DA:12,1
DA:14,1
DA:21,1
DA:22,2
DA:23,2
DA:24,2
DA:26,2
DA:33,1
DA:35,1
DA:42,1
DA:43,2
DA:44,2
DA:45,2
DA:47,2
DA:54,1
DA:56,1
DA:63,1
DA:64,2
DA:65,2
DA:66,2
DA:67,1
DA:69,1
DA:76,1
DA:77,2
DA:78,2
DA:79,2
DA:80,1
DA:82,1
LF:33
LH:33
BRF:0
BRH:0
end_of_record
TN:
SF:src/controllers/userBooksController.ts
FN:9,(anonymous_0)
FN:30,(anonymous_1)
FN:50,(anonymous_2)
FN:70,(anonymous_3)
FNF:4
FNH:4
FNDA:3,(anonymous_0)
FNDA:2,(anonymous_1)
FNDA:2,(anonymous_2)
FNDA:2,(anonymous_3)
DA:3,1
DA:9,1
DA:10,3
DA:11,3
DA:12,3
DA:13,3
DA:15,3
DA:21,2
DA:23,1
DA:30,1
DA:31,2
DA:32,2
DA:33,2
DA:41,1
DA:43,1
DA:50,1
DA:51,2
DA:52,2
DA:53,2
DA:55,2
DA:61,1
DA:63,1
DA:70,1
DA:71,2
DA:72,2
DA:73,2
DA:74,1
DA:76,1
LF:28
LH:28
BRDA:12,0,0,3
BRDA:12,0,1,2
BRDA:13,1,0,3
BRDA:13,1,1,2
BRF:4
BRH:4
end_of_record
TN:
SF:src/middleware/authMiddleware.ts
FN:45,(anonymous_1)
FNF:1
FNH:1
FNDA:7,(anonymous_1)
DA:2,1
DA:3,1
DA:45,1
DA:46,7
DA:48,7
DA:50,7
DA:51,1
DA:57,6
DA:59,6
DA:60,1
DA:65,5
DA:68,5
DA:71,2
DA:78,2
DA:80,3
DA:81,1
DA:86,2
DA:87,2
DA:92,0
DA:93,0
LF:20
LH:18
BRDA:50,0,0,1
BRDA:59,1,0,1
BRDA:59,2,0,6
BRDA:59,2,1,6
BRDA:74,3,0,2
BRDA:74,3,1,1
BRDA:80,4,0,1
BRDA:86,5,0,2
BRF:8
BRH:8
end_of_record
TN:
SF:src/middleware/bookclubRoleMiddleware.ts
FN:10,(anonymous_1)
FN:13,(anonymous_2)
FNF:2
FNH:2
FNDA:12,(anonymous_1)
FNDA:12,(anonymous_2)
DA:3,1
DA:4,1
DA:10,1
DA:13,12
DA:14,12
DA:15,12
DA:16,12
DA:18,12
DA:19,1
DA:22,11
DA:23,1
DA:27,10
DA:28,10
DA:30,10
DA:32,10
DA:42,10
DA:43,3
DA:44,3
DA:45,1
DA:47,2
DA:48,1
DA:50,1
DA:53,7
DA:54,7
DA:56,7
DA:57,1
DA:61,6
DA:68,6
DA:69,6
DA:71,6
DA:72,1
DA:80,5
DA:81,5
DA:83,1
LF:34
LH:34
BRDA:11,0,0,2
BRDA:18,1,0,1
BRDA:22,2,0,1
BRDA:27,3,0,10
BRDA:27,3,1,0
BRDA:36,4,0,10
BRDA:36,4,1,10
BRDA:42,5,0,3
BRDA:44,6,0,1
BRDA:47,7,0,1
BRDA:56,8,0,1
BRDA:68,9,0,6
BRDA:68,9,1,0
BRDA:69,10,0,6
BRDA:69,10,1,0
BRDA:71,11,0,1
BRF:16
BRH:13
end_of_record
TN:
SF:src/middleware/errorHandler.ts
FN:10,(anonymous_1)
FNF:1
FNH:1
FNDA:13,(anonymous_1)
DA:2,1
DA:3,1
DA:4,1
DA:10,1
DA:12,13
DA:13,6
DA:19,6
DA:23,6
DA:27,7
DA:28,3
DA:34,3
DA:36,1
DA:40,1
DA:42,1
DA:46,1
DA:48,1
DA:52,1
DA:57,4
DA:58,1
DA:63,1
DA:67,1
DA:71,3
DA:72,2
DA:76,2
DA:80,1
DA:86,1
DA:92,1
LF:27
LH:27
BRDA:12,0,0,6
BRDA:27,1,0,3
BRDA:34,2,0,1
BRDA:34,2,1,1
BRDA:34,2,2,1
BRDA:57,3,0,1
BRDA:71,4,0,2
BRDA:71,5,0,3
BRDA:71,5,1,2
BRF:9
BRH:9
end_of_record
TN:
SF:src/middleware/metrics.ts
FN:37,(anonymous_1)
FN:41,(anonymous_2)
FN:61,(anonymous_3)
FNF:3
FNH:0
FNDA:0,(anonymous_1)
FNDA:0,(anonymous_2)
FNDA:0,(anonymous_3)
DA:2,0
DA:5,0
DA:8,0
DA:11,0
DA:18,0
DA:24,0
DA:30,0
DA:31,0
DA:32,0
DA:37,0
DA:38,0
DA:39,0
DA:41,0
DA:42,0
DA:43,0
DA:44,0
DA:50,0
DA:51,0
DA:52,0
DA:55,0
DA:61,0
DA:62,0
DA:63,0
DA:64,0
DA:67,0
LF:25
LH:0
BRDA:43,0,0,0
BRDA:43,0,1,0
BRF:2
BRH:0
end_of_record
TN:
SF:src/middleware/validate.ts
FN:14,(anonymous_0)
FN:19,(anonymous_1)
FNF:2
FNH:2
FNDA:11,(anonymous_0)
FNDA:11,(anonymous_1)
DA:3,1
DA:14,1
DA:19,11
DA:20,11
DA:21,5
DA:22,5
DA:23,2
DA:27,9
DA:28,4
DA:29,4
DA:30,1
DA:33,3
DA:34,5
DA:38,8
DA:39,4
DA:40,4
DA:41,1
DA:43,3
DA:46,7
LF:19
LH:19
BRDA:20,0,0,5
BRDA:22,1,0,2
BRDA:27,2,0,4
BRDA:29,3,0,1
BRDA:38,4,0,4
BRDA:40,5,0,1
BRF:6
BRH:6
end_of_record
TN:
SF:src/repositories/bookClubBooks.repository.ts
FN:9,(anonymous_1)
FN:52,(anonymous_2)
FN:62,(anonymous_3)
FN:74,(anonymous_4)
FN:84,(anonymous_5)
FN:97,(anonymous_6)
FN:108,(anonymous_7)
FNF:7
FNH:0
FNDA:0,(anonymous_1)
FNDA:0,(anonymous_2)
FNDA:0,(anonymous_3)
FNDA:0,(anonymous_4)
FNDA:0,(anonymous_5)
FNDA:0,(anonymous_6)
FNDA:0,(anonymous_7)
DA:1,4
DA:2,4
DA:5,4
DA:15,0
DA:16,0
DA:18,0
DA:46,0
DA:53,0
DA:63,0
DA:75,0
DA:85,0
DA:98,0
DA:109,0
LF:13
LH:3
BRDA:16,0,0,0
BRDA:40,1,0,0
BRDA:40,1,1,0
BRDA:41,2,0,0
BRDA:41,2,1,0
BRF:5
BRH:0
end_of_record
TN:
SF:src/repositories/bookClubReviews.repository.ts
FN:7,(anonymous_1)
FN:21,(anonymous_2)
FN:31,(anonymous_3)
FN:55,(anonymous_4)
FNF:4
FNH:0
FNDA:0,(anonymous_1)
FNDA:0,(anonymous_2)
FNDA:0,(anonymous_3)
FNDA:0,(anonymous_4)
DA:1,2
DA:3,2
DA:8,0
DA:22,0
DA:32,0
DA:56,0
LF:6
LH:2
BRDA:41,0,0,0
BRDA:41,0,1,0
BRDA:47,1,0,0
BRDA:47,1,1,0
BRF:4
BRH:0
end_of_record
TN:
SF:src/repositories/bookSuggestions.repository.ts
FN:8,(anonymous_1)
FN:48,(anonymous_2)
FN:58,(anonymous_3)
FN:71,(anonymous_4)
FN:86,(anonymous_5)
FN:96,(anonymous_6)
FN:105,(anonymous_7)
FN:110,(anonymous_8)
FN:127,(anonymous_9)
FN:128,(anonymous_10)
FN:144,(anonymous_11)
FN:152,(anonymous_12)
FNF:12
FNH:0
FNDA:0,(anonymous_1)
FNDA:0,(anonymous_2)
FNDA:0,(anonymous_3)
FNDA:0,(anonymous_4)
FNDA:0,(anonymous_5)
FNDA:0,(anonymous_6)
FNDA:0,(anonymous_7)
FNDA:0,(anonymous_8)
FNDA:0,(anonymous_9)
FNDA:0,(anonymous_10)
FNDA:0,(anonymous_11)
FNDA:0,(anonymous_12)
DA:1,2
DA:2,2
DA:4,2
DA:13,0
DA:15,0
DA:42,0
DA:49,0
DA:59,0
DA:77,0
DA:87,0
DA:97,0
DA:110,0
DA:112,0
DA:121,0
DA:127,0
DA:128,0
DA:131,0
DA:136,0
DA:152,0
DA:154,0
DA:160,0
DA:173,0
DA:178,0
LF:23
LH:3
BRDA:10,0,0,0
BRDA:11,1,0,0
BRDA:127,2,0,0
BRDA:127,2,1,0
BRDA:128,3,0,0
BRDA:128,3,1,0
BRF:6
BRH:0
end_of_record
TN:
SF:src/repositories/books.repository.ts
FN:7,(anonymous_1)
FN:16,(anonymous_2)
FN:27,(anonymous_3)
FNF:3
FNH:0
FNDA:0,(anonymous_1)
FNDA:0,(anonymous_2)
FNDA:0,(anonymous_3)
DA:1,6
DA:3,6
DA:8,0
DA:17,0
DA:28,0
LF:5
LH:2
BRF:0
BRH:0
end_of_record
TN:
SF:src/repositories/readingProgress.repository.ts
FN:7,(anonymous_1)
FN:17,(anonymous_2)
FN:36,(anonymous_3)
FN:65,(anonymous_4)
FNF:4
FNH:0
FNDA:0,(anonymous_1)
FNDA:0,(anonymous_2)
FNDA:0,(anonymous_3)
FNDA:0,(anonymous_4)
DA:1,2
DA:3,2
DA:8,0
DA:18,0
DA:41,0
DA:66,0
LF:6
LH:2
BRF:0
BRH:0
end_of_record
TN:
SF:src/repositories/userBooks.repository.ts
FN:8,(anonymous_1)
FN:29,(anonymous_2)
FN:44,(anonymous_3)
FN:54,(anonymous_4)
FN:72,(anonymous_5)
FN:85,(anonymous_6)
FN:96,(anonymous_7)
FNF:7
FNH:0
FNDA:0,(anonymous_1)
FNDA:0,(anonymous_2)
FNDA:0,(anonymous_3)
FNDA:0,(anonymous_4)
FNDA:0,(anonymous_5)
FNDA:0,(anonymous_6)
FNDA:0,(anonymous_7)
DA:1,2
DA:4,2
DA:9,0
DA:10,0
DA:12,0
DA:23,0
DA:30,0
DA:45,0
DA:55,0
DA:73,0
DA:86,0
DA:97,0
LF:12
LH:2
BRDA:10,0,0,0
BRDA:17,1,0,0
BRDA:17,1,1,0
BRDA:18,2,0,0
BRDA:18,2,1,0
BRF:5
BRH:0
end_of_record
TN:
SF:src/routes/bookClubBooksRoutes.ts
FNF:0
FNH:0
DA:1,0
DA:2,0
DA:3,0
DA:4,0
DA:5,0
DA:12,0
DA:14,0
DA:17,0
DA:24,0
DA:31,0
DA:39,0
DA:47,0
DA:55,0
LF:13
LH:0
BRF:0
BRH:0
end_of_record
TN:
SF:src/routes/bookSearchRoutes.ts
FNF:0
FNH:0
DA:1,0
DA:2,0
DA:3,0
DA:4,0
DA:6,0
DA:9,0
DA:16,0
DA:22,0
LF:8
LH:0
BRF:0
BRH:0
end_of_record
TN:
SF:src/routes/bookSuggestionsRoutes.ts
FNF:0
FNH:0
DA:1,0
DA:2,0
DA:3,0
DA:4,0
DA:5,0
DA:12,0
DA:14,0
DA:17,0
DA:20,0
DA:26,0
DA:32,0
DA:39,0
DA:47,0
DA:53,0
LF:14
LH:0
BRF:0
BRH:0
end_of_record
TN:
SF:src/routes/readingProgressRoutes.ts
FNF:0
FNH:0
DA:1,0
DA:2,0
DA:3,0
DA:4,0
DA:9,0
DA:11,0
DA:14,0
DA:17,0
DA:23,0
DA:30,0
DA:36,0
DA:42,0
DA:48,0
LF:13
LH:0
BRF:0
BRH:0
end_of_record
TN:
SF:src/routes/userBooksRoutes.ts
FNF:0
FNH:0
DA:1,0
DA:2,0
DA:3,0
DA:4,0
DA:10,0
DA:12,0
DA:15,0
DA:18,0
DA:21,0
DA:28,0
DA:35,0
DA:41,0
LF:12
LH:0
BRF:0
BRH:0
end_of_record
TN:
SF:src/services/bookClubBooks.service.ts
FN:12,(anonymous_1)
FN:34,(anonymous_2)
FN:65,(anonymous_3)
FN:88,(anonymous_4)
FN:101,(anonymous_5)
FN:105,(anonymous_6)
FN:107,(anonymous_7)
FNF:7
FNH:7
FNDA:3,(anonymous_1)
FNDA:2,(anonymous_2)
FNDA:3,(anonymous_3)
FNDA:2,(anonymous_4)
FNDA:2,(anonymous_5)
FNDA:4,(anonymous_6)
FNDA:5,(anonymous_7)
DA:1,2
DA:2,2
DA:3,2
DA:4,2
DA:5,2
DA:6,2
DA:8,2
DA:18,3
DA:19,3
DA:20,3
DA:43,2
DA:46,2
DA:49,2
DA:58,2
DA:59,2
DA:70,3
DA:71,3
DA:72,1
DA:75,2
DA:76,2
DA:77,2
DA:78,2
DA:80,2
DA:81,2
DA:82,2
DA:89,2
DA:90,2
DA:91,1
DA:94,1
DA:95,1
DA:102,2
DA:105,4
DA:107,5
LF:33
LH:33
BRDA:15,0,0,1
BRDA:16,1,0,1
BRDA:38,2,0,1
BRDA:53,3,0,2
BRDA:53,3,1,1
BRDA:54,4,0,2
BRDA:54,4,1,1
BRDA:71,5,0,1
BRDA:76,6,0,1
BRDA:77,7,0,0
BRDA:78,8,0,0
BRDA:90,9,0,1
BRDA:107,10,0,4
BRDA:107,10,1,2
BRF:14
BRH:12
end_of_record
TN:
SF:src/services/bookSearch.service.ts
FN:10,(anonymous_1)
FN:33,(anonymous_2)
FN:53,(anonymous_3)
FNF:3
FNH:3
FNDA:5,(anonymous_1)
FNDA:7,(anonymous_2)
FNDA:3,(anonymous_3)
DA:1,2
DA:2,2
DA:3,2
DA:5,2
DA:11,5
DA:14,5
DA:16,5
DA:17,1
DA:21,4
DA:22,4
DA:23,1
DA:27,3
DA:34,7
DA:35,2
DA:38,5
DA:39,5
DA:40,5
DA:42,5
DA:47,5
DA:54,3
DA:55,1
DA:58,2
DA:59,1
DA:60,1
LF:24
LH:24
BRDA:16,0,0,1
BRDA:22,1,0,1
BRDA:33,2,0,6
BRDA:34,3,0,2
BRDA:34,4,0,7
BRDA:34,4,1,6
BRDA:54,5,0,1
BRF:7
BRH:7
end_of_record
TN:
SF:src/services/bookSuggestions.service.ts
FN:12,(anonymous_1)
FN:15,(anonymous_2)
FN:16,(anonymous_3)
FN:38,(anonymous_4)
FN:72,(anonymous_5)
FN:92,(anonymous_6)
FN:120,(anonymous_7)
FNF:7
FNH:7
FNDA:3,(anonymous_1)
FNDA:2,(anonymous_2)
FNDA:1,(anonymous_3)
FNDA:4,(anonymous_4)
FNDA:2,(anonymous_5)
FNDA:2,(anonymous_6)
FNDA:3,(anonymous_7)
DA:1,2
DA:2,2
DA:3,2
DA:5,2
DA:6,2
DA:8,2
DA:13,3
DA:15,3
DA:16,2
DA:17,2
DA:27,3
DA:45,4
DA:46,4
DA:47,2
DA:48,2
DA:49,1
DA:54,3
DA:55,3
DA:58,3
DA:65,3
DA:66,3
DA:74,2
DA:75,2
DA:76,1
DA:79,1
DA:85,1
DA:86,1
DA:99,2
DA:100,2
DA:101,1
DA:104,1
DA:113,1
DA:114,1
DA:121,3
DA:122,3
DA:123,1
DA:126,2
DA:127,1
DA:130,1
DA:131,1
LF:40
LH:40
BRDA:12,0,0,0
BRDA:12,1,0,0
BRDA:19,2,0,2
BRDA:19,2,1,1
BRDA:46,3,0,2
BRDA:48,4,0,1
BRDA:62,5,0,3
BRDA:62,5,1,2
BRDA:75,6,0,1
BRDA:100,7,0,1
BRDA:122,8,0,1
BRDA:126,9,0,1
BRF:12
BRH:10
end_of_record
TN:
SF:src/services/googleBooks.service.ts
FN:43,(anonymous_1)
FN:71,(anonymous_2)
FN:80,(anonymous_3)
FN:101,(anonymous_4)
FN:131,(anonymous_5)
FNF:5
FNH:0
FNDA:0,(anonymous_1)
FNDA:0,(anonymous_2)
FNDA:0,(anonymous_3)
FNDA:0,(anonymous_4)
FNDA:0,(anonymous_5)
DA:1,8
DA:2,8
DA:3,8
DA:5,8
DA:6,8
DA:7,8
DA:39,8
DA:44,0
DA:45,0
DA:47,0
DA:49,0
DA:50,0
DA:51,0
DA:52,0
DA:53,0
DA:55,0
DA:58,0
DA:64,0
DA:65,0
DA:68,0
DA:71,0
DA:80,0
DA:86,0
DA:87,0
DA:88,0
DA:91,0
DA:93,0
DA:94,0
DA:102,0
DA:103,0
DA:105,0
DA:107,0
DA:108,0
DA:109,0
DA:110,0
DA:111,0
DA:113,0
DA:116,0
DA:117,0
DA:119,0
DA:120,0
DA:122,0
DA:131,0
DA:137,0
DA:138,0
DA:139,0
DA:142,0
DA:144,0
DA:145,0
LF:49
LH:7
BRDA:43,0,0,0
BRDA:49,1,0,0
BRDA:49,2,0,0
BRDA:49,2,1,0
BRDA:51,3,0,0
BRDA:64,4,0,0
BRDA:71,5,0,0
BRDA:71,5,1,0
BRDA:74,6,0,0
BRDA:74,6,1,0
BRDA:75,7,0,0
BRDA:75,7,1,0
BRDA:76,8,0,0
BRDA:76,8,1,0
BRDA:77,9,0,0
BRDA:77,9,1,0
BRDA:79,10,0,0
BRDA:79,10,1,0
BRDA:80,11,0,0
BRDA:80,11,1,0
BRDA:82,12,0,0
BRDA:82,12,1,0
BRDA:86,13,0,0
BRDA:86,14,0,0
BRDA:86,14,1,0
BRDA:86,14,2,0
BRDA:107,15,0,0
BRDA:107,16,0,0
BRDA:107,16,1,0
BRDA:109,17,0,0
BRDA:117,18,0,0
BRDA:125,19,0,0
BRDA:125,19,1,0
BRDA:126,20,0,0
BRDA:126,20,1,0
BRDA:127,21,0,0
BRDA:127,21,1,0
BRDA:128,22,0,0
BRDA:128,22,1,0
BRDA:130,23,0,0
BRDA:130,23,1,0
BRDA:131,24,0,0
BRDA:131,24,1,0
BRDA:133,25,0,0
BRDA:133,25,1,0
BRDA:137,26,0,0
BRDA:137,27,0,0
BRDA:137,27,1,0
BRF:48
BRH:0
end_of_record
TN:
SF:src/services/readingProgress.service.ts
FN:11,(anonymous_1)
FN:27,(anonymous_2)
FN:55,(anonymous_3)
FN:66,(anonymous_4)
FN:79,(anonymous_5)
FN:103,(anonymous_6)
FNF:6
FNH:6
FNDA:3,(anonymous_1)
FNDA:5,(anonymous_2)
FNDA:4,(anonymous_3)
FNDA:6,(anonymous_4)
FNDA:3,(anonymous_5)
FNDA:1,(anonymous_6)
DA:1,2
DA:2,2
DA:3,2
DA:4,2
DA:5,2
DA:7,2
DA:12,3
DA:17,3
DA:18,1
DA:21,2
DA:33,5
DA:34,5
DA:35,1
DA:38,4
DA:40,4
DA:46,4
DA:48,4
DA:49,4
DA:56,4
DA:61,4
DA:62,1
DA:65,3
DA:66,6
DA:69,3
DA:86,3
DA:87,3
DA:88,1
DA:91,2
DA:96,2
DA:97,2
DA:104,1
DA:105,1
LF:32
LH:32
BRDA:17,0,0,1
BRDA:34,1,0,1
BRDA:38,2,0,4
BRDA:38,2,1,1
BRDA:42,3,0,4
BRDA:42,3,1,3
BRDA:61,4,0,1
BRDA:65,5,0,2
BRDA:65,5,1,1
BRDA:87,6,0,1
BRDA:93,7,0,2
BRDA:93,7,1,1
BRF:12
BRH:12
end_of_record
TN:
SF:src/services/userBooks.service.ts
FN:12,(anonymous_1)
FN:29,(anonymous_2)
FN:56,(anonymous_3)
FN:74,(anonymous_4)
FN:87,(anonymous_5)
FNF:5
FNH:5
FNDA:4,(anonymous_1)
FNDA:2,(anonymous_2)
FNDA:2,(anonymous_3)
FNDA:2,(anonymous_4)
FNDA:3,(anonymous_5)
DA:1,2
DA:2,2
DA:3,2
DA:5,2
DA:6,2
DA:8,2
DA:13,4
DA:14,4
DA:15,4
DA:37,2
DA:40,1
DA:43,1
DA:49,1
DA:50,1
DA:61,2
DA:62,2
DA:63,1
DA:66,1
DA:67,1
DA:68,1
DA:75,2
DA:76,2
DA:77,1
DA:80,1
DA:81,1
DA:88,3
DA:89,3
DA:90,1
DA:93,2
DA:94,1
DA:97,1
DA:98,1
LF:32
LH:32
BRDA:12,0,0,0
BRDA:12,1,0,0
BRDA:62,2,0,1
BRDA:76,3,0,1
BRDA:89,4,0,1
BRDA:93,5,0,1
BRF:6
BRH:4
end_of_record
TN:
SF:src/utils/errors.ts
FN:9,(anonymous_0)
FN:18,(anonymous_1)
FN:27,(anonymous_2)
FN:33,(anonymous_3)
FN:39,(anonymous_4)
FNF:5
FNH:5
FNDA:34,(anonymous_0)
FNDA:15,(anonymous_1)
FNDA:10,(anonymous_2)
FNDA:6,(anonymous_3)
FNDA:2,(anonymous_4)
DA:5,13
DA:10,34
DA:11,34
DA:12,34
DA:13,34
DA:17,13
DA:19,15
DA:22,15
DA:26,13
DA:28,10
DA:32,13
DA:34,6
DA:38,13
DA:40,2
LF:14
LH:14
BRDA:9,0,0,34
BRDA:19,1,0,4
BRDA:19,1,1,11
BRDA:33,2,0,0
BRF:4
BRH:3
end_of_record
TN:
SF:src/utils/logger.ts
FN:11,(anonymous_1)
FN:29,(anonymous_2)
FNF:2
FNH:0
FNDA:0,(anonymous_1)
FNDA:0,(anonymous_2)
DA:1,5
DA:2,5
DA:4,5
DA:5,5
DA:7,5
DA:12,0
DA:13,0
DA:14,0
DA:21,5
DA:22,0
DA:30,0
DA:36,5
DA:47,5
LF:13
LH:8
BRDA:5,0,0,5
BRDA:5,0,1,5
BRDA:13,1,0,0
BRDA:13,1,1,0
BRDA:21,2,0,0
BRDA:21,3,0,5
BRDA:21,3,1,5
BRDA:37,4,0,5
BRDA:37,4,1,0
BRF:9
BRH:5
end_of_record
TN:
SF:src/utils/validation.ts
FNF:0
FNH:0
DA:1,1
DA:7,1
DA:28,1
DA:49,1
DA:64,1
DA:76,1
DA:89,1
DA:100,1
DA:115,1
DA:124,1
DA:131,1
DA:146,1
DA:161,1
DA:168,1
DA:175,1
DA:182,1
DA:189,1
DA:196,1
DA:207,1
LF:19
LH:19
BRF:0
BRH:0
end_of_record
