TN:
SF:src/config/database.ts
FNF:0
FNH:0
DA:1,1
DA:3,1
DA:5,1
LF:3
LH:3
BRF:0
BRH:0
end_of_record
TN:
SF:src/config/redis.ts
FN:8,(anonymous_1)
FN:13,(anonymous_2)
FN:23,(anonymous_3)
FN:27,(anonymous_4)
FN:31,(anonymous_5)
FN:44,(anonymous_6)
FN:48,(anonymous_7)
FNF:7
FNH:0
FNDA:0,(anonymous_1)
FNDA:0,(anonymous_2)
FNDA:0,(anonymous_3)
FNDA:0,(anonymous_4)
FNDA:0,(anonymous_5)
FNDA:0,(anonymous_6)
FNDA:0,(anonymous_7)
DA:1,3
DA:2,3
DA:4,3
DA:6,3
DA:8,3
DA:9,0
DA:10,0
DA:14,0
DA:15,0
DA:16,0
DA:18,0
DA:23,0
DA:24,0
DA:27,0
DA:28,0
DA:31,0
DA:32,0
DA:35,0
DA:36,0
DA:38,0
DA:39,0
DA:40,0
DA:44,3
DA:45,0
DA:48,3
DA:49,0
DA:50,0
DA:51,0
LF:28
LH:7
BRDA:4,0,0,3
BRDA:4,0,1,3
BRDA:14,1,0,0
BRDA:49,2,0,0
BRDA:49,3,0,0
BRDA:49,3,1,0
BRF:6
BRH:2
end_of_record
TN:
SF:src/controllers/bookClubBooksController.ts
FN:14,(anonymous_0)
FN:32,(anonymous_1)
FN:67,(anonymous_2)
FN:110,(anonymous_3)
FN:136,(anonymous_4)
FNF:5
FNH:0
FNDA:0,(anonymous_0)
FNDA:0,(anonymous_1)
FNDA:0,(anonymous_2)
FNDA:0,(anonymous_3)
FNDA:0,(anonymous_4)
DA:3,0
DA:4,0
DA:14,0
DA:15,0
DA:16,0
DA:17,0
DA:19,0
DA:23,0
DA:25,0
DA:32,0
DA:33,0
DA:34,0
DA:35,0
DA:36,0
DA:37,0
DA:40,0
DA:41,0
DA:42,0
DA:43,0
DA:46,0
DA:47,0
DA:49,0
DA:58,0
DA:60,0
DA:67,0
DA:68,0
DA:69,0
DA:70,0
DA:71,0
DA:72,0
DA:75,0
DA:76,0
DA:77,0
DA:78,0
DA:81,0
DA:82,0
DA:83,0
DA:84,0
DA:87,0
DA:88,0
DA:90,0
DA:100,0
DA:102,0
DA:103,0
DA:110,0
DA:111,0
DA:112,0
DA:113,0
DA:114,0
DA:115,0
DA:118,0
DA:119,0
DA:120,0
DA:121,0
DA:124,0
DA:125,0
DA:126,0
DA:128,0
DA:129,0
DA:136,0
DA:137,0
DA:138,0
DA:140,0
DA:141,0
DA:142,0
DA:145,0
DA:146,0
DA:148,0
LF:68
LH:0
BRDA:35,0,0,0
BRDA:41,1,0,0
BRDA:47,2,0,0
BRDA:54,3,0,0
BRDA:54,3,1,0
BRDA:55,4,0,0
BRDA:55,4,1,0
BRDA:70,5,0,0
BRDA:76,6,0,0
BRDA:82,7,0,0
BRDA:95,8,0,0
BRDA:95,8,1,0
BRDA:96,9,0,0
BRDA:96,9,1,0
BRDA:102,10,0,0
BRDA:102,10,1,0
BRDA:113,11,0,0
BRDA:119,12,0,0
BRDA:128,13,0,0
BRDA:128,13,1,0
BRDA:140,14,0,0
BRF:21
BRH:0
end_of_record
TN:
SF:src/controllers/bookSearchController.ts
FN:7,(anonymous_0)
FN:26,(anonymous_1)
FNF:2
FNH:2
FNDA:13,(anonymous_0)
FNDA:8,(anonymous_1)
DA:2,1
DA:7,1
DA:8,13
DA:9,13
DA:11,13
DA:12,2
DA:13,2
DA:16,11
DA:17,9
DA:19,2
DA:26,1
DA:27,8
DA:28,8
DA:29,8
DA:30,6
DA:32,2
LF:16
LH:16
BRDA:9,0,0,13
BRDA:11,1,0,2
BRF:2
BRH:2
end_of_record
TN:
SF:src/controllers/bookSuggestionsController.ts
FN:10,(anonymous_1)
FN:26,(anonymous_2)
FN:27,(anonymous_3)
FN:48,(anonymous_4)
FN:101,(anonymous_5)
FN:132,(anonymous_6)
FN:133,(anonymous_7)
FN:149,(anonymous_8)
FN:200,(anonymous_9)
FNF:9
FNH:0
FNDA:0,(anonymous_1)
FNDA:0,(anonymous_2)
FNDA:0,(anonymous_3)
FNDA:0,(anonymous_4)
FNDA:0,(anonymous_5)
FNDA:0,(anonymous_6)
FNDA:0,(anonymous_7)
FNDA:0,(anonymous_8)
FNDA:0,(anonymous_9)
DA:3,0
DA:4,0
DA:5,0
DA:10,0
DA:11,0
DA:12,0
DA:14,0
DA:26,0
DA:27,0
DA:29,0
DA:39,0
DA:41,0
DA:48,0
DA:49,0
DA:50,0
DA:51,0
DA:53,0
DA:54,0
DA:55,0
DA:59,0
DA:61,0
DA:62,0
DA:70,0
DA:71,0
DA:72,0
DA:76,0
DA:83,0
DA:94,0
DA:101,0
DA:102,0
DA:103,0
DA:104,0
DA:106,0
DA:107,0
DA:108,0
DA:111,0
DA:126,0
DA:132,0
DA:133,0
DA:135,0
DA:140,0
DA:142,0
DA:149,0
DA:150,0
DA:151,0
DA:152,0
DA:154,0
DA:155,0
DA:156,0
DA:159,0
DA:164,0
DA:165,0
DA:166,0
DA:169,0
DA:174,0
DA:186,0
DA:191,0
DA:193,0
DA:200,0
DA:201,0
DA:202,0
DA:204,0
DA:208,0
DA:209,0
DA:210,0
DA:213,0
DA:214,0
DA:215,0
DA:218,0
DA:219,0
DA:221,0
LF:71
LH:0
BRDA:31,0,0,0
BRDA:31,0,1,0
BRDA:53,1,0,0
BRDA:61,2,0,0
BRDA:70,3,0,0
BRDA:89,4,0,0
BRDA:89,4,1,0
BRDA:106,5,0,0
BRDA:106,6,0,0
BRDA:106,6,1,0
BRDA:132,7,0,0
BRDA:132,7,1,0
BRDA:133,8,0,0
BRDA:133,8,1,0
BRDA:154,9,0,0
BRDA:154,10,0,0
BRDA:154,10,1,0
BRDA:164,11,0,0
BRDA:208,12,0,0
BRDA:213,13,0,0
BRF:20
BRH:0
end_of_record
TN:
SF:src/controllers/readingProgressController.ts
FN:13,(anonymous_1)
FN:57,(anonymous_2)
FN:118,(anonymous_3)
FN:172,(anonymous_4)
FN:189,(anonymous_5)
FN:208,(anonymous_6)
FNF:6
FNH:0
FNDA:0,(anonymous_1)
FNDA:0,(anonymous_2)
FNDA:0,(anonymous_3)
FNDA:0,(anonymous_4)
FNDA:0,(anonymous_5)
FNDA:0,(anonymous_6)
DA:3,0
DA:4,0
DA:13,0
DA:14,0
DA:15,0
DA:16,0
DA:17,0
DA:18,0
DA:21,0
DA:23,0
DA:27,0
DA:28,0
DA:31,0
DA:34,0
DA:48,0
DA:50,0
DA:57,0
DA:58,0
DA:59,0
DA:60,0
DA:61,0
DA:62,0
DA:65,0
DA:66,0
DA:67,0
DA:68,0
DA:71,0
DA:72,0
DA:74,0
DA:79,0
DA:80,0
DA:81,0
DA:84,0
DA:85,0
DA:87,0
DA:109,0
DA:111,0
DA:118,0
DA:119,0
DA:120,0
DA:121,0
DA:122,0
DA:123,0
DA:126,0
DA:127,0
DA:128,0
DA:129,0
DA:132,0
DA:133,0
DA:135,0
DA:139,0
DA:140,0
DA:141,0
DA:144,0
DA:163,0
DA:165,0
DA:172,0
DA:173,0
DA:174,0
DA:175,0
DA:176,0
DA:177,0
DA:180,0
DA:182,0
DA:188,0
DA:189,0
DA:192,0
DA:201,0
DA:208,0
DA:209,0
DA:210,0
DA:211,0
DA:212,0
DA:213,0
DA:216,0
DA:218,0
DA:227,0
DA:229,0
DA:230,0
DA:231,0
DA:233,0
LF:81
LH:0
BRDA:16,0,0,0
BRDA:27,1,0,0
BRDA:60,2,0,0
BRDA:66,3,0,0
BRDA:79,4,0,0
BRDA:84,5,0,0
BRDA:84,5,1,0
BRDA:121,6,0,0
BRDA:127,7,0,0
BRDA:139,8,0,0
BRDA:153,9,0,0
BRDA:153,9,1,0
BRDA:159,10,0,0
BRDA:159,10,1,0
BRDA:175,11,0,0
BRDA:188,12,0,0
BRDA:188,12,1,0
BRDA:211,13,0,0
BRDA:229,14,0,0
BRF:19
BRH:0
end_of_record
TN:
SF:src/controllers/userBooksController.ts
FN:10,(anonymous_0)
FN:23,(anonymous_1)
FN:49,(anonymous_2)
FN:76,(anonymous_3)
FN:90,(anonymous_4)
FNF:5
FNH:4
FNDA:3,(anonymous_0)
FNDA:3,(anonymous_1)
FNDA:3,(anonymous_2)
FNDA:2,(anonymous_3)
FNDA:0,(anonymous_4)
DA:3,2
DA:4,2
DA:5,2
DA:10,2
DA:11,3
DA:12,3
DA:13,3
DA:14,2
DA:16,1
DA:23,2
DA:24,3
DA:25,3
DA:26,3
DA:27,1
DA:28,1
DA:31,2
DA:32,2
DA:40,1
DA:42,1
DA:49,2
DA:50,3
DA:51,3
DA:52,3
DA:53,1
DA:54,1
DA:57,2
DA:58,2
DA:60,2
DA:66,1
DA:68,1
DA:69,1
DA:76,2
DA:77,2
DA:78,2
DA:79,2
DA:80,1
DA:82,1
DA:83,1
DA:90,2
DA:91,0
DA:92,0
DA:95,0
DA:97,0
DA:98,0
DA:101,0
DA:105,0
DA:106,0
DA:109,0
DA:112,0
DA:113,0
DA:115,0
DA:116,0
LF:52
LH:39
BRDA:26,0,0,1
BRDA:52,1,0,1
BRDA:68,2,0,1
BRDA:68,2,1,0
BRDA:82,3,0,1
BRDA:82,3,1,0
BRDA:97,4,0,0
BRDA:105,5,0,0
BRDA:115,6,0,0
BRDA:115,6,1,0
BRF:10
BRH:4
end_of_record
TN:
SF:src/middleware/authMiddleware.ts
FN:44,(anonymous_1)
FNF:1
FNH:0
FNDA:0,(anonymous_1)
DA:2,1
DA:44,1
DA:45,0
DA:47,0
DA:49,0
DA:50,0
DA:56,0
DA:58,0
DA:59,0
DA:64,0
DA:67,0
DA:70,0
DA:77,0
DA:79,0
DA:80,0
DA:85,0
DA:86,0
DA:91,0
DA:92,0
LF:19
LH:2
BRDA:49,0,0,0
BRDA:58,1,0,0
BRDA:58,2,0,0
BRDA:58,2,1,0
BRDA:73,3,0,0
BRDA:73,3,1,0
BRDA:79,4,0,0
BRDA:85,5,0,0
BRF:8
BRH:0
end_of_record
TN:
SF:src/middleware/bookclubRoleMiddleware.ts
FN:9,(anonymous_1)
FN:12,(anonymous_2)
FNF:2
FNH:0
FNDA:0,(anonymous_1)
FNDA:0,(anonymous_2)
DA:3,0
DA:9,0
DA:12,0
DA:13,0
DA:14,0
DA:15,0
DA:17,0
DA:18,0
DA:21,0
DA:22,0
DA:26,0
DA:27,0
DA:29,0
DA:31,0
DA:38,0
DA:39,0
DA:40,0
DA:41,0
DA:45,0
DA:46,0
DA:48,0
DA:51,0
DA:52,0
DA:54,0
DA:55,0
DA:59,0
DA:66,0
DA:67,0
DA:69,0
DA:70,0
DA:76,0
DA:77,0
DA:79,0
DA:80,0
LF:34
LH:0
BRDA:10,0,0,0
BRDA:17,1,0,0
BRDA:21,2,0,0
BRDA:26,3,0,0
BRDA:26,3,1,0
BRDA:38,4,0,0
BRDA:40,5,0,0
BRDA:45,6,0,0
BRDA:54,7,0,0
BRDA:66,8,0,0
BRDA:66,8,1,0
BRDA:67,9,0,0
BRDA:67,9,1,0
BRDA:69,10,0,0
BRF:14
BRH:0
end_of_record
TN:
SF:src/middleware/errorHandler.ts
FN:7,(anonymous_1)
FNF:1
FNH:0
FNDA:0,(anonymous_1)
DA:2,0
DA:7,0
DA:8,0
DA:14,0
DA:15,0
DA:17,0
DA:24,0
LF:7
LH:0
BRDA:14,0,0,0
BRDA:14,0,1,0
BRDA:14,0,2,0
BRDA:19,1,0,0
BRDA:19,1,1,0
BRDA:20,2,0,0
BRDA:20,2,1,0
BRDA:20,2,2,0
BRF:8
BRH:0
end_of_record
TN:
SF:src/middleware/metrics.ts
FN:37,(anonymous_1)
FN:41,(anonymous_2)
FN:61,(anonymous_3)
FNF:3
FNH:0
FNDA:0,(anonymous_1)
FNDA:0,(anonymous_2)
FNDA:0,(anonymous_3)
DA:2,0
DA:5,0
DA:8,0
DA:11,0
DA:18,0
DA:24,0
DA:30,0
DA:31,0
DA:32,0
DA:37,0
DA:38,0
DA:39,0
DA:41,0
DA:42,0
DA:43,0
DA:44,0
DA:50,0
DA:51,0
DA:52,0
DA:55,0
DA:61,0
DA:62,0
DA:63,0
DA:64,0
DA:67,0
LF:25
LH:0
BRDA:43,0,0,0
BRDA:43,0,1,0
BRF:2
BRH:0
end_of_record
TN:
SF:src/repositories/bookClubBooks.repository.ts
FN:7,(anonymous_1)
FN:24,(anonymous_2)
FN:36,(anonymous_3)
FN:46,(anonymous_4)
FN:59,(anonymous_5)
FNF:5
FNH:0
FNDA:0,(anonymous_1)
FNDA:0,(anonymous_2)
FNDA:0,(anonymous_3)
FNDA:0,(anonymous_4)
FNDA:0,(anonymous_5)
DA:1,0
DA:3,0
DA:8,0
DA:9,0
DA:11,0
DA:25,0
DA:37,0
DA:47,0
DA:60,0
LF:9
LH:0
BRDA:9,0,0,0
BRF:1
BRH:0
end_of_record
TN:
SF:src/repositories/bookClubReviews.repository.ts
FN:7,(anonymous_1)
FN:21,(anonymous_2)
FN:31,(anonymous_3)
FNF:3
FNH:0
FNDA:0,(anonymous_1)
FNDA:0,(anonymous_2)
FNDA:0,(anonymous_3)
DA:1,0
DA:3,0
DA:8,0
DA:22,0
DA:32,0
LF:5
LH:0
BRF:0
BRH:0
end_of_record
TN:
SF:src/repositories/bookSuggestions.repository.ts
FN:7,(anonymous_1)
FN:20,(anonymous_2)
FN:32,(anonymous_3)
FNF:3
FNH:0
FNDA:0,(anonymous_1)
FNDA:0,(anonymous_2)
FNDA:0,(anonymous_3)
DA:1,0
DA:3,0
DA:8,0
DA:21,0
DA:33,0
LF:5
LH:0
BRF:0
BRH:0
end_of_record
TN:
SF:src/repositories/books.repository.ts
FN:7,(anonymous_1)
FN:16,(anonymous_2)
FN:27,(anonymous_3)
FNF:3
FNH:1
FNDA:0,(anonymous_1)
FNDA:1,(anonymous_2)
FNDA:0,(anonymous_3)
DA:1,2
DA:3,2
DA:8,0
DA:17,1
DA:28,0
LF:5
LH:3
BRF:0
BRH:0
end_of_record
TN:
SF:src/repositories/readingProgress.repository.ts
FN:7,(anonymous_1)
FN:17,(anonymous_2)
FN:30,(anonymous_3)
FNF:3
FNH:0
FNDA:0,(anonymous_1)
FNDA:0,(anonymous_2)
FNDA:0,(anonymous_3)
DA:1,0
DA:3,0
DA:8,0
DA:18,0
DA:31,0
LF:5
LH:0
BRF:0
BRH:0
end_of_record
TN:
SF:src/repositories/userBooks.repository.ts
FN:7,(anonymous_1)
FN:21,(anonymous_2)
FN:36,(anonymous_3)
FN:46,(anonymous_4)
FN:64,(anonymous_5)
FN:77,(anonymous_6)
FN:88,(anonymous_7)
FNF:7
FNH:5
FNDA:3,(anonymous_1)
FNDA:4,(anonymous_2)
FNDA:0,(anonymous_3)
FNDA:1,(anonymous_4)
FNDA:1,(anonymous_5)
FNDA:1,(anonymous_6)
FNDA:0,(anonymous_7)
DA:1,2
DA:3,2
DA:8,3
DA:9,3
DA:11,3
DA:22,4
DA:37,0
DA:47,1
DA:65,1
DA:78,1
DA:89,0
LF:11
LH:9
BRDA:9,0,0,1
BRF:1
BRH:1
end_of_record
TN:
SF:src/routes/bookClubBooksRoutes.ts
FNF:0
FNH:0
DA:1,0
DA:2,0
DA:3,0
DA:4,0
DA:6,0
DA:9,0
DA:12,0
DA:15,0
DA:22,0
DA:29,0
DA:36,0
LF:11
LH:0
BRF:0
BRH:0
end_of_record
TN:
SF:src/routes/bookSearchRoutes.ts
FNF:0
FNH:0
DA:1,1
DA:2,1
DA:4,1
DA:7,1
DA:10,1
DA:12,1
LF:6
LH:6
BRF:0
BRH:0
end_of_record
TN:
SF:src/routes/bookSuggestionsRoutes.ts
FNF:0
FNH:0
DA:1,0
DA:2,0
DA:3,0
DA:5,0
DA:8,0
DA:11,0
DA:12,0
DA:13,0
DA:14,0
DA:18,0
DA:20,0
LF:11
LH:0
BRF:0
BRH:0
end_of_record
TN:
SF:src/routes/readingProgressRoutes.ts
FNF:0
FNH:0
DA:1,0
DA:2,0
DA:3,0
DA:5,0
DA:8,0
DA:11,0
DA:12,0
DA:15,0
DA:16,0
DA:17,0
DA:19,0
LF:11
LH:0
BRF:0
BRH:0
end_of_record
TN:
SF:src/routes/userBooksRoutes.ts
FNF:0
FNH:0
DA:1,1
DA:2,1
DA:3,1
DA:5,1
DA:8,1
DA:11,1
DA:14,1
DA:17,1
DA:20,1
DA:22,1
LF:10
LH:10
BRF:0
BRH:0
end_of_record
TN:
SF:src/services/bookClubBooks.service.ts
FN:10,(anonymous_1)
FN:22,(anonymous_2)
FN:62,(anonymous_3)
FN:93,(anonymous_4)
FN:114,(anonymous_5)
FN:117,(anonymous_6)
FNF:6
FNH:0
FNDA:0,(anonymous_1)
FNDA:0,(anonymous_2)
FNDA:0,(anonymous_3)
FNDA:0,(anonymous_4)
FNDA:0,(anonymous_5)
FNDA:0,(anonymous_6)
DA:1,0
DA:2,0
DA:3,0
DA:4,0
DA:6,0
DA:11,0
DA:12,0
DA:14,0
DA:15,0
DA:30,0
DA:32,0
DA:35,0
DA:38,0
DA:47,0
DA:48,0
DA:50,0
DA:55,0
DA:67,0
DA:69,0
DA:71,0
DA:72,0
DA:75,0
DA:76,0
DA:77,0
DA:78,0
DA:80,0
DA:82,0
DA:83,0
DA:85,0
DA:86,0
DA:94,0
DA:96,0
DA:98,0
DA:99,0
DA:102,0
DA:104,0
DA:106,0
DA:107,0
DA:115,0
DA:116,0
DA:118,0
DA:119,0
DA:126,0
DA:128,0
DA:129,0
LF:45
LH:0
BRDA:26,0,0,0
BRDA:42,1,0,0
BRDA:42,1,1,0
BRDA:43,2,0,0
BRDA:43,2,1,0
BRDA:71,3,0,0
BRDA:76,4,0,0
BRDA:77,5,0,0
BRDA:78,6,0,0
BRDA:98,7,0,0
BRDA:121,8,0,0
BRDA:121,8,1,0
BRF:12
BRH:0
end_of_record
TN:
SF:src/services/bookSearch.service.ts
FN:9,(anonymous_1)
FN:32,(anonymous_2)
FN:59,(anonymous_3)
FNF:3
FNH:3
FNDA:11,(anonymous_1)
FNDA:11,(anonymous_2)
FNDA:8,(anonymous_3)
DA:1,1
DA:2,1
DA:4,1
DA:10,11
DA:13,11
DA:15,11
DA:16,0
DA:20,11
DA:21,11
DA:22,0
DA:26,11
DA:33,11
DA:34,11
DA:35,0
DA:39,11
DA:41,11
DA:42,11
DA:44,9
DA:49,9
DA:51,2
DA:52,2
DA:60,8
DA:61,8
DA:63,6
DA:64,6
DA:66,2
DA:67,2
LF:27
LH:24
BRDA:15,0,0,0
BRDA:21,1,0,0
BRDA:32,2,0,0
BRDA:34,3,0,0
BRDA:34,4,0,11
BRDA:34,4,1,11
BRF:6
BRH:2
end_of_record
TN:
SF:src/services/bookSuggestions.service.ts
FN:10,(anonymous_1)
FN:22,(anonymous_2)
FN:54,(anonymous_3)
FNF:3
FNH:0
FNDA:0,(anonymous_1)
FNDA:0,(anonymous_2)
FNDA:0,(anonymous_3)
DA:1,0
DA:2,0
DA:3,0
DA:4,0
DA:6,0
DA:11,0
DA:12,0
DA:14,0
DA:15,0
DA:28,0
DA:30,0
DA:33,0
DA:36,0
DA:43,0
DA:44,0
DA:46,0
DA:47,0
DA:55,0
DA:57,0
DA:59,0
DA:61,0
DA:62,0
LF:22
LH:0
BRDA:40,0,0,0
BRDA:40,0,1,0
BRF:2
BRH:0
end_of_record
TN:
SF:src/services/googleBooks.service.ts
FN:41,(anonymous_1)
FN:69,(anonymous_2)
FN:78,(anonymous_3)
FN:98,(anonymous_4)
FN:128,(anonymous_5)
FNF:5
FNH:0
FNDA:0,(anonymous_1)
FNDA:0,(anonymous_2)
FNDA:0,(anonymous_3)
FNDA:0,(anonymous_4)
FNDA:0,(anonymous_5)
DA:1,3
DA:2,3
DA:3,3
DA:5,3
DA:6,3
DA:7,3
DA:37,3
DA:42,0
DA:43,0
DA:45,0
DA:47,0
DA:48,0
DA:49,0
DA:50,0
DA:51,0
DA:53,0
DA:56,0
DA:62,0
DA:63,0
DA:66,0
DA:69,0
DA:78,0
DA:83,0
DA:84,0
DA:85,0
DA:88,0
DA:90,0
DA:91,0
DA:99,0
DA:100,0
DA:102,0
DA:104,0
DA:105,0
DA:106,0
DA:107,0
DA:108,0
DA:110,0
DA:113,0
DA:114,0
DA:116,0
DA:117,0
DA:119,0
DA:128,0
DA:133,0
DA:134,0
DA:135,0
DA:138,0
DA:140,0
DA:141,0
LF:49
LH:7
BRDA:41,0,0,0
BRDA:47,1,0,0
BRDA:47,2,0,0
BRDA:47,2,1,0
BRDA:49,3,0,0
BRDA:62,4,0,0
BRDA:69,5,0,0
BRDA:69,5,1,0
BRDA:72,6,0,0
BRDA:72,6,1,0
BRDA:73,7,0,0
BRDA:73,7,1,0
BRDA:74,8,0,0
BRDA:74,8,1,0
BRDA:75,9,0,0
BRDA:75,9,1,0
BRDA:77,10,0,0
BRDA:77,10,1,0
BRDA:78,11,0,0
BRDA:78,11,1,0
BRDA:83,12,0,0
BRDA:83,13,0,0
BRDA:83,13,1,0
BRDA:83,13,2,0
BRDA:104,14,0,0
BRDA:104,15,0,0
BRDA:104,15,1,0
BRDA:106,16,0,0
BRDA:114,17,0,0
BRDA:122,18,0,0
BRDA:122,18,1,0
BRDA:123,19,0,0
BRDA:123,19,1,0
BRDA:124,20,0,0
BRDA:124,20,1,0
BRDA:125,21,0,0
BRDA:125,21,1,0
BRDA:127,22,0,0
BRDA:127,22,1,0
BRDA:128,23,0,0
BRDA:128,23,1,0
BRDA:133,24,0,0
BRDA:133,25,0,0
BRDA:133,25,1,0
BRF:44
BRH:0
end_of_record
TN:
SF:src/services/readingProgress.service.ts
FN:10,(anonymous_1)
FN:22,(anonymous_2)
FN:51,(anonymous_3)
FN:63,(anonymous_4)
FNF:4
FNH:0
FNDA:0,(anonymous_1)
FNDA:0,(anonymous_2)
FNDA:0,(anonymous_3)
FNDA:0,(anonymous_4)
DA:1,0
DA:3,0
DA:4,0
DA:6,0
DA:11,0
DA:12,0
DA:14,0
DA:15,0
DA:28,0
DA:29,0
DA:36,0
DA:37,0
DA:39,0
DA:44,0
DA:52,0
DA:53,0
DA:55,0
DA:56,0
DA:69,0
DA:70,0
DA:75,0
DA:76,0
DA:78,0
DA:79,0
LF:24
LH:0
BRDA:33,0,0,0
BRDA:33,0,1,0
BRDA:72,1,0,0
BRDA:72,1,1,0
BRF:4
BRH:0
end_of_record
TN:
SF:src/services/userBooks.service.ts
FN:10,(anonymous_1)
FN:22,(anonymous_2)
FN:54,(anonymous_3)
FN:80,(anonymous_4)
FNF:4
FNH:4
FNDA:3,(anonymous_1)
FNDA:2,(anonymous_2)
FNDA:2,(anonymous_3)
FNDA:2,(anonymous_4)
DA:1,2
DA:2,2
DA:3,2
DA:4,2
DA:6,2
DA:11,3
DA:12,3
DA:14,1
DA:15,1
DA:29,2
DA:31,2
DA:34,1
DA:37,1
DA:43,1
DA:44,1
DA:46,1
DA:47,1
DA:59,2
DA:61,2
DA:63,2
DA:64,1
DA:67,1
DA:69,1
DA:70,1
DA:72,1
DA:73,1
DA:81,2
DA:83,2
DA:85,2
DA:86,1
DA:89,1
DA:91,1
DA:93,1
DA:94,1
LF:34
LH:34
BRDA:63,0,0,1
BRDA:85,1,0,1
BRF:2
BRH:2
end_of_record
TN:
SF:src/utils/logger.ts
FN:11,(anonymous_1)
FN:29,(anonymous_2)
FNF:2
FNH:1
FNDA:26,(anonymous_1)
FNDA:0,(anonymous_2)
DA:1,6
DA:2,6
DA:4,6
DA:5,6
DA:7,6
DA:12,26
DA:13,26
DA:14,26
DA:21,6
DA:22,0
DA:30,0
DA:36,6
DA:47,6
LF:13
LH:11
BRDA:5,0,0,6
BRDA:5,0,1,6
BRDA:13,1,0,26
BRDA:13,1,1,0
BRDA:21,2,0,0
BRDA:21,3,0,6
BRDA:21,3,1,6
BRDA:37,4,0,6
BRDA:37,4,1,0
BRF:9
BRH:6
end_of_record
TN:
SF:src/utils/validation.ts
FNF:0
FNH:0
DA:1,3
DA:3,3
DA:24,3
DA:41,3
DA:56,3
DA:68,3
DA:80,3
DA:87,3
DA:94,3
DA:101,3
DA:107,3
LF:11
LH:11
BRF:0
BRH:0
end_of_record
